# JRE version: OpenJDK Runtime Environment Microsoft-10376486 (17.0.13+11) (build 17.0.13+11-LTS)
# Java VM: OpenJDK 64-Bit Server VM Microsoft-10376486 (17.0.13+11-LTS, mixed mode, sharing, tiered, compressed oops, compressed class ptrs, g1 gc, windows-amd64)
GC Precious Log:
 CPUs: 8 total, 8 available
 Memory: 8038M
 Large Page Support: Disabled
 NUMA Support: Disabled
 Compressed Oops: Enabled (Zero based)
 Heap Region Size: 4M
 Heap Min Capacity: 8M
 Heap Initial Capacity: 128M
 Heap Max Capacity: 8G
 Pre-touch: Disabled
 Parallel Workers: 8
 Concurrent Workers: 2
 Concurrent Refinement Workers: 8
 Periodic GC: Disabled
Heap:
 garbage-first heap   total 765952K, used 346483K [0x0000000600000000, 0x0000000800000000)
  region size 4096K, 37 young (151552K), 3 survivors (12288K)
 Metaspace       used 180800K, committed 182464K, reserved 1245184K
  class space    used 23336K, committed 24128K, reserved 1048576K
GC Heap History (20 events):
Event: 175.832 GC heap before
{Heap before GC invocations=80 (full 0):
 garbage-first heap   total 401408K, used 308710K [0x0000000600000000, 0x0000000800000000)
  region size 4096K, 30 young (122880K), 3 survivors (12288K)
 Metaspace       used 158854K, committed 160064K, reserved 1245184K
  class space    used 20792K, committed 21376K, reserved 1048576K
}
Event: 175.896 GC heap after
{Heap after GC invocations=81 (full 0):
 garbage-first heap   total 401408K, used 209341K [0x0000000600000000, 0x0000000800000000)
  region size 4096K, 3 young (12288K), 3 survivors (12288K)
 Metaspace       used 158854K, committed 160064K, reserved 1245184K
  class space    used 20792K, committed 21376K, reserved 1048576K
}
Event: 191.890 GC heap before
{Heap before GC invocations=82 (full 0):
 garbage-first heap   total 401408K, used 315837K [0x0000000600000000, 0x0000000800000000)
  region size 4096K, 29 young (118784K), 3 survivors (12288K)
 Metaspace       used 168379K, committed 169792K, reserved 1245184K
  class space    used 22179K, committed 22848K, reserved 1048576K
}
Event: 191.939 GC heap after
{Heap after GC invocations=83 (full 0):
 garbage-first heap   total 401408K, used 213260K [0x0000000600000000, 0x0000000800000000)
  region size 4096K, 4 young (16384K), 4 survivors (16384K)
 Metaspace       used 168379K, committed 169792K, reserved 1245184K
  class space    used 22179K, committed 22848K, reserved 1048576K
}
Event: 192.069 GC heap before
{Heap before GC invocations=83 (full 0):
 garbage-first heap   total 401408K, used 217356K [0x0000000600000000, 0x0000000800000000)
  region size 4096K, 5 young (20480K), 4 survivors (16384K)
 Metaspace       used 168574K, committed 169984K, reserved 1245184K
  class space    used 22203K, committed 22848K, reserved 1048576K
}
Event: 192.116 GC heap after
{Heap after GC invocations=84 (full 0):
 garbage-first heap   total 401408K, used 189364K [0x0000000600000000, 0x0000000800000000)
  region size 4096K, 1 young (4096K), 1 survivors (4096K)
 Metaspace       used 168574K, committed 169984K, reserved 1245184K
  class space    used 22203K, committed 22848K, reserved 1048576K
}
Event: 208.029 GC heap before
{Heap before GC invocations=84 (full 0):
 garbage-first heap   total 401408K, used 312244K [0x0000000600000000, 0x0000000800000000)
  region size 4096K, 31 young (126976K), 1 survivors (4096K)
 Metaspace       used 170359K, committed 171776K, reserved 1245184K
  class space    used 22263K, committed 22912K, reserved 1048576K
}
Event: 208.053 GC heap after
{Heap after GC invocations=85 (full 0):
 garbage-first heap   total 401408K, used 196627K [0x0000000600000000, 0x0000000800000000)
  region size 4096K, 3 young (12288K), 3 survivors (12288K)
 Metaspace       used 170359K, committed 171776K, reserved 1245184K
  class space    used 22263K, committed 22912K, reserved 1048576K
}
Event: 218.010 GC heap before
{Heap before GC invocations=85 (full 0):
 garbage-first heap   total 401408K, used 311315K [0x0000000600000000, 0x0000000800000000)
  region size 4096K, 32 young (131072K), 3 survivors (12288K)
 Metaspace       used 171131K, committed 172480K, reserved 1245184K
  class space    used 22282K, committed 22912K, reserved 1048576K
}
Event: 218.715 GC heap after
{Heap after GC invocations=86 (full 0):
 garbage-first heap   total 401408K, used 203519K [0x0000000600000000, 0x0000000800000000)
  region size 4096K, 2 young (8192K), 2 survivors (8192K)
 Metaspace       used 171131K, committed 172480K, reserved 1245184K
  class space    used 22282K, committed 22912K, reserved 1048576K
}
Event: 220.620 GC heap before
{Heap before GC invocations=86 (full 0):
 garbage-first heap   total 401408K, used 223999K [0x0000000600000000, 0x0000000800000000)
  region size 4096K, 7 young (28672K), 2 survivors (8192K)
 Metaspace       used 171523K, committed 172928K, reserved 1245184K
  class space    used 22336K, committed 22976K, reserved 1048576K
}
Event: 220.652 GC heap after
{Heap after GC invocations=87 (full 0):
 garbage-first heap   total 1204224K, used 204590K [0x0000000600000000, 0x0000000800000000)
  region size 4096K, 1 young (4096K), 1 survivors (4096K)
 Metaspace       used 171523K, committed 172928K, reserved 1245184K
  class space    used 22336K, committed 22976K, reserved 1048576K
}
Event: 232.533 GC heap before
{Heap before GC invocations=88 (full 0):
 garbage-first heap   total 765952K, used 286510K [0x0000000600000000, 0x0000000800000000)
  region size 4096K, 21 young (86016K), 1 survivors (4096K)
 Metaspace       used 174070K, committed 175424K, reserved 1245184K
  class space    used 22608K, committed 23232K, reserved 1048576K
}
Event: 232.556 GC heap after
{Heap after GC invocations=89 (full 0):
 garbage-first heap   total 765952K, used 212126K [0x0000000600000000, 0x0000000800000000)
  region size 4096K, 3 young (12288K), 3 survivors (12288K)
 Metaspace       used 174070K, committed 175424K, reserved 1245184K
  class space    used 22608K, committed 23232K, reserved 1048576K
}
Event: 233.045 GC heap before
{Heap before GC invocations=89 (full 0):
 garbage-first heap   total 765952K, used 232606K [0x0000000600000000, 0x0000000800000000)
  region size 4096K, 9 young (36864K), 3 survivors (12288K)
 Metaspace       used 175363K, committed 176768K, reserved 1245184K
  class space    used 22678K, committed 23296K, reserved 1048576K
}
Event: 233.105 GC heap after
{Heap after GC invocations=90 (full 0):
 garbage-first heap   total 765952K, used 209131K [0x0000000600000000, 0x0000000800000000)
  region size 4096K, 1 young (4096K), 1 survivors (4096K)
 Metaspace       used 175363K, committed 176768K, reserved 1245184K
  class space    used 22678K, committed 23296K, reserved 1048576K
}
Event: 244.409 GC heap before
{Heap before GC invocations=90 (full 0):
 garbage-first heap   total 765952K, used 356587K [0x0000000600000000, 0x0000000800000000)
  region size 4096K, 38 young (155648K), 1 survivors (4096K)
 Metaspace       used 177397K, committed 178816K, reserved 1245184K
  class space    used 22955K, committed 23616K, reserved 1048576K
}
Event: 244.441 GC heap after
{Heap after GC invocations=91 (full 0):
 garbage-first heap   total 765952K, used 214057K [0x0000000600000000, 0x0000000800000000)
  region size 4096K, 2 young (8192K), 2 survivors (8192K)
 Metaspace       used 177397K, committed 178816K, reserved 1245184K
  class space    used 22955K, committed 23616K, reserved 1048576K
}
Event: 324.646 GC heap before
{Heap before GC invocations=91 (full 0):
 garbage-first heap   total 765952K, used 377897K [0x0000000600000000, 0x0000000800000000)
  region size 4096K, 43 young (176128K), 2 survivors (8192K)
 Metaspace       used 180223K, committed 181824K, reserved 1245184K
  class space    used 23291K, committed 24064K, reserved 1048576K
}
Event: 324.796 GC heap after
{Heap after GC invocations=92 (full 0):
 garbage-first heap   total 765952K, used 215411K [0x0000000600000000, 0x0000000800000000)
  region size 4096K, 3 young (12288K), 3 survivors (12288K)
 Metaspace       used 180223K, committed 181824K, reserved 1245184K
  class space    used 23291K, committed 24064K, reserved 1048576K
}

